mode: set
github.com/francoispqt/gincache/gincache.go:42.50,45.2 2 1
github.com/francoispqt/gincache/gincache.go:47.61,50.2 2 1
github.com/francoispqt/gincache/gincache.go:52.54,55.28 1 1
github.com/francoispqt/gincache/gincache.go:61.2,62.30 2 1
github.com/francoispqt/gincache/gincache.go:55.28,56.28 1 1
github.com/francoispqt/gincache/gincache.go:59.3,59.35 1 1
github.com/francoispqt/gincache/gincache.go:56.28,58.4 1 1
github.com/francoispqt/gincache/gincache.go:62.30,65.23 2 1
github.com/francoispqt/gincache/gincache.go:72.3,73.29 2 1
github.com/francoispqt/gincache/gincache.go:81.3,88.27 3 1
github.com/francoispqt/gincache/gincache.go:117.3,123.10 4 1
github.com/francoispqt/gincache/gincache.go:65.23,68.4 2 1
github.com/francoispqt/gincache/gincache.go:73.29,76.18 2 1
github.com/francoispqt/gincache/gincache.go:76.18,79.5 2 1
github.com/francoispqt/gincache/gincache.go:88.27,92.23 2 1
github.com/francoispqt/gincache/gincache.go:96.4,97.25 2 1
github.com/francoispqt/gincache/gincache.go:100.4,101.32 2 1
github.com/francoispqt/gincache/gincache.go:106.4,106.25 1 1
github.com/francoispqt/gincache/gincache.go:109.4,113.10 5 1
github.com/francoispqt/gincache/gincache.go:92.23,94.5 1 1
github.com/francoispqt/gincache/gincache.go:97.25,99.5 1 1
github.com/francoispqt/gincache/gincache.go:101.32,102.44 1 1
github.com/francoispqt/gincache/gincache.go:102.44,104.6 1 1
github.com/francoispqt/gincache/gincache.go:106.25,108.5 1 1
github.com/francoispqt/gincache/gincache.go:124.19,125.10 1 0
github.com/francoispqt/gincache/gincache.go:126.11,127.21 1 1
github.com/francoispqt/gincache/gincache.go:133.4,133.59 1 1
github.com/francoispqt/gincache/gincache.go:145.4,145.10 1 1
github.com/francoispqt/gincache/gincache.go:127.21,129.5 1 1
github.com/francoispqt/gincache/gincache.go:133.59,135.42 1 1
github.com/francoispqt/gincache/gincache.go:139.5,140.19 2 1
github.com/francoispqt/gincache/gincache.go:135.42,137.6 1 1
github.com/francoispqt/gincache/gincache.go:140.19,143.6 2 1
